<?xml version="1.0" encoding="UTF-8"?>
<testsuite xmlns:xsi="http://www.w3.org/2001/XMLSchema-instance" xsi:noNamespaceSchemaLocation="https://maven.apache.org/surefire/maven-surefire-plugin/xsd/surefire-test-report-3.0.xsd" version="3.0" name="com.university.bookstore.repository.BookRepositoryTest" time="8.026" tests="2" errors="0" skipped="0" failures="0">
  <properties>
[...]
</properties>
  <testcase name="testFindAll" classname="com.university.bookstore.repository.BookRepositoryTest" time="1.565">
    <system-out><![CDATA[14:24:54.613 [main] INFO org.springframework.test.context.support.AnnotationConfigContextLoaderUtils -- Could not detect default configuration classes for test class [com.university.bookstore.repository.BookRepositoryTest]: BookRepositoryTest does not declare any static, non-private, non-final, nested classes annotated with @Configuration.
14:24:54.798 [main] INFO org.springframework.boot.test.context.SpringBootTestContextBootstrapper -- Found @SpringBootConfiguration com.university.bookstore.BookstoreApplication for test class com.university.bookstore.repository.BookRepositoryTest

  .   ____          _            __ _ _
 /\\ / ___'_ __ _ _(_)_ __  __ _ \ \ \ \
( ( )\___ | '_ | '_| | '_ \/ _` | \ \ \ \
 \\/  ___)| |_)| | | | | || (_| |  ) ) ) )
  '  |____| .__|_| |_|_| |_\__, | / / / /
 =========|_|==============|___/=/_/_/_/
 :: Spring Boot ::                (v3.2.5)

2026-05-02T14:24:55.363+05:30  INFO 13052 --- [           main] c.u.b.repository.BookRepositoryTest      : Starting BookRepositoryTest using Java 21.0.7 with PID 13052 (started by chara in C:\Users\chara\Downloads\sga)
2026-05-02T14:24:55.364+05:30  INFO 13052 --- [           main] c.u.b.repository.BookRepositoryTest      : The following 1 profile is active: "test"
2026-05-02T14:24:55.966+05:30  INFO 13052 --- [           main] .s.d.r.c.RepositoryConfigurationDelegate : Bootstrapping Spring Data JPA repositories in DEFAULT mode.
2026-05-02T14:24:56.085+05:30  INFO 13052 --- [           main] .s.d.r.c.RepositoryConfigurationDelegate : Finished Spring Data repository scanning in 95 ms. Found 2 JPA repository interfaces.
2026-05-02T14:24:56.191+05:30  INFO 13052 --- [           main] beddedDataSourceBeanFactoryPostProcessor : Replacing 'dataSource' DataSource bean with embedded version
2026-05-02T14:24:56.698+05:30  INFO 13052 --- [           main] o.s.j.d.e.EmbeddedDatabaseFactory        : Starting embedded database: url='jdbc:h2:mem:a6a63711-0f8a-49a6-b256-0d7d5a4d4435;DB_CLOSE_DELAY=-1;DB_CLOSE_ON_EXIT=false', username='sa'
2026-05-02T14:24:57.157+05:30  INFO 13052 --- [           main] o.hibernate.jpa.internal.util.LogHelper  : HHH000204: Processing PersistenceUnitInfo [name: default]
2026-05-02T14:24:57.225+05:30  INFO 13052 --- [           main] org.hibernate.Version                    : HHH000412: Hibernate ORM core version 6.4.4.Final
2026-05-02T14:24:57.271+05:30  INFO 13052 --- [           main] o.h.c.internal.RegionFactoryInitiator    : HHH000026: Second-level cache disabled
2026-05-02T14:24:57.678+05:30  INFO 13052 --- [           main] o.s.o.j.p.SpringPersistenceUnitInfo      : No LoadTimeWeaver setup: ignoring JPA class transformer
2026-05-02T14:24:57.762+05:30  WARN 13052 --- [           main] org.hibernate.orm.deprecation            : HHH90000025: H2Dialect does not need to be specified explicitly using 'hibernate.dialect' (remove the property setting and it will be selected by default)
2026-05-02T14:24:59.336+05:30  INFO 13052 --- [           main] o.h.e.t.j.p.i.JtaPlatformInitiator       : HHH000489: No JTA platform available (set 'hibernate.transaction.jta.platform' to enable JTA platform integration)
Hibernate: 
    drop table if exists authors cascade 
Hibernate: 
    drop table if exists books cascade 
Hibernate: 
    create table authors (
        birth_year integer not null,
        id bigint generated by default as identity,
        email varchar(255) not null unique,
        name varchar(255) not null,
        nationality varchar(255),
        primary key (id)
    )
Hibernate: 
    create table books (
        price numeric(38,2) not null,
        published_year integer not null,
        author_id bigint not null,
        id bigint generated by default as identity,
        genre varchar(255),
        title varchar(255) not null,
        primary key (id)
    )
Hibernate: 
    alter table if exists books 
       add constraint FKfjixh2vym2cvfj3ufxj91jem7 
       foreign key (author_id) 
       references authors
2026-05-02T14:24:59.428+05:30  INFO 13052 --- [           main] j.LocalContainerEntityManagerFactoryBean : Initialized JPA EntityManagerFactory for persistence unit 'default'
2026-05-02T14:24:59.894+05:30  INFO 13052 --- [           main] o.s.d.j.r.query.QueryEnhancerFactory     : Hibernate is in classpath; If applicable, HQL parser will be used.
2026-05-02T14:25:00.711+05:30  INFO 13052 --- [           main] c.u.b.repository.BookRepositoryTest      : Started BookRepositoryTest in 5.798 seconds (process running for 7.259)
Hibernate: 
    select
        b1_0.id,
        b1_0.author_id,
        b1_0.genre,
        b1_0.price,
        b1_0.published_year,
        b1_0.title 
    from
        books b1_0
Hibernate: 
    select
        a1_0.id,
        a1_0.birth_year,
        a1_0.email,
        a1_0.name,
        a1_0.nationality 
    from
        authors a1_0
Hibernate: 
    insert 
    into
        authors
        (birth_year, email, name, nationality, id) 
    values
        (?, ?, ?, ?, default)
Hibernate: 
    insert 
    into
        books
        (author_id, genre, price, published_year, title, id) 
    values
        (?, ?, ?, ?, ?, default)
Hibernate: 
    insert 
    into
        books
        (author_id, genre, price, published_year, title, id) 
    values
        (?, ?, ?, ?, ?, default)
Hibernate: 
    select
        b1_0.id,
        b1_0.author_id,
        b1_0.genre,
        b1_0.price,
        b1_0.published_year,
        b1_0.title 
    from
        books b1_0
]]></system-out>
    <system-err><![CDATA[WARNING: A Java agent has been loaded dynamically (C:\Users\chara\.m2\repository\net\bytebuddy\byte-buddy-agent\1.14.13\byte-buddy-agent-1.14.13.jar)
WARNING: If a serviceability tool is in use, please run with -XX:+EnableDynamicAgentLoading to hide this warning
WARNING: If a serviceability tool is not in use, please run with -Djdk.instrument.traceUsage for more information
WARNING: Dynamic loading of agents will be disallowed by default in a future release
]]></system-err>
  </testcase>
  <testcase name="testFindAllBooksWithAuthors" classname="com.university.bookstore.repository.BookRepositoryTest" time="0.071">
    <system-out><![CDATA[Hibernate: 
    select
        b1_0.id,
        b1_0.author_id,
        b1_0.genre,
        b1_0.price,
        b1_0.published_year,
        b1_0.title 
    from
        books b1_0
Hibernate: 
    select
        a1_0.id,
        a1_0.birth_year,
        a1_0.email,
        a1_0.name,
        a1_0.nationality 
    from
        authors a1_0
Hibernate: 
    insert 
    into
        authors
        (birth_year, email, name, nationality, id) 
    values
        (?, ?, ?, ?, default)
Hibernate: 
    insert 
    into
        books
        (author_id, genre, price, published_year, title, id) 
    values
        (?, ?, ?, ?, ?, default)
Hibernate: 
    insert 
    into
        books
        (author_id, genre, price, published_year, title, id) 
    values
        (?, ?, ?, ?, ?, default)
Hibernate: 
    select
        b1_0.title,
        a1_0.name,
        b1_0.id,
        b1_0.genre,
        b1_0.published_year,
        b1_0.price 
    from
        books b1_0 
    join
        authors a1_0 
            on a1_0.id=b1_0.author_id
]]></system-out>
  </testcase>
</testsuite>